<?xml version="1.0" encoding="UTF-8"?>
<!-- Generated by org.testng.reporters.JUnitReportReporter -->
<testsuite hostname="DESKTOP-E42C5F3" failures="0" tests="1" name="runner.TestRunner3" time="18.779" errors="0" timestamp="2020-04-13T00:10:15 IST" skipped="0">
  <testcase classname="runner.TestRunner3" name="login" time="18.779"/>
  <system-out/>
</testsuite> <!-- runner.TestRunner3 -->
