<?xml version="1.0" encoding="UTF-8"?>
<!-- Generated by org.testng.reporters.JUnitReportReporter -->
<testsuite hostname="DESKTOP-E42C5F3" failures="0" tests="1" name="runner.TestRunner2" time="16.821" errors="0" timestamp="2020-04-13T00:10:15 IST" skipped="0">
  <testcase classname="runner.TestRunner2" name="login" time="16.821"/>
  <system-out/>
</testsuite> <!-- runner.TestRunner2 -->
