<?xml version="1.0" encoding="UTF-8"?>
<!-- Generated by org.testng.reporters.JUnitReportReporter -->
<testsuite hostname="DESKTOP-E42C5F3" failures="0" tests="1" name="runner.TestRunner" time="14.318" errors="0" timestamp="2020-04-13T00:10:15 IST" skipped="0">
  <testcase classname="runner.TestRunner" name="login" time="14.318"/>
  <system-out/>
</testsuite> <!-- runner.TestRunner -->
